["", "", "", "897", "", "847", "", ""]
897 847 1744
["", "", "541", "", "", "", "404", ""]
541 404 945
["", "651", "", "", "399", "", "", ""]
651 399 1050
["508", "", "", "", "", "", "", ""]
508 508
["", "", "95", "343", "", "", "", ""]
95 343 438
["", "", "793", "", "986", "", "", ""]
793 986 1779
["325", "", "", "", "308", "", "", ""]
325 308 633
["", "", "105", "", "", "", "", ""]
105 105
["", "134", "", "", "", "", "", "42"]
134 42 176
["", "", "412", "", "", "", "", ""]
412 412
["", "392", "663", "", "", "", "", ""]
392 663 1055
["", "350", "", "", "", "", "", ""]
350 350
["", "", "", "403", "", "", "", ""]
403 403
["", "622", "", "", "", "", "", ""]
622 622
["", "356", "817", "", "", "", "", ""]
356 817 1173
["", "", "62", "", "830", "", "", ""]
62 830 892
["", "163", "", "", "", "", "", "373"]
163 373 536
["", "", "", "", "", "", "", "244"]
244 244
["", "745", "", "", "", "", "", ""]
745 745
["", "", "797", "785", "", "", "", ""]
797 785 1582
["", "", "", "443", "", "", "", ""]
443 443
["", "922", "429", "", "", "", "", ""]
922 429 1351
["", "696", "", "", "", "", "189", ""]
696 189 885
["", "", "", "", "", "", "", "119"]
119 119
["", "", "683", "", "", "", "", "18"]
683 18 701
["726", "", "", "", "", "", "", ""]
726 726
["", "", "756", "", "", "", "956", ""]
756 956 1712
["803", "", "", "", "", "", "", ""]
803 803
["", "", "945", "", "", "", "", "610"]
945 610 1555
["", "", "496", "", "", "", "", ""]
496 496
["", "", "", "", "", "", "", "395"]
395 395
["", "", "", "871", "", "", "", "929"]
871 929 1800
["", "353", "", "", "", "", "", ""]
353 353
["", "", "", "", "", "", "", "76"]
76 76
["", "227", "", "", "", "", "", ""]
227 227
["", "", "", "626", "", "", "", ""]
626 626
["", "9", "47", "", "", "", "", ""]
9 47 56
["", "793", "", "", "", "", "", "964"]
793 964 1757
["", "", "", "", "182", "", "", "129"]
182 129 311
["", "", "6", "372", "", "", "", ""]
6 372 378
["673", "", "", "", "", "", "", ""]
673 673
["", "", "", "", "", "680", "", ""]
680 680
["", "", "759", "", "", "", "", "356"]
759 356 1115
["", "746", "", "", "", "", "", ""]
746 746
["", "", "789", "", "", "", "", ""]
789 789
["", "", "", "", "", "", "", "367"]
367 367
["", "", "330", "", "", "", "", ""]
330 330
["", "271", "", "", "", "", "", "354"]
271 354 625
["523", "", "", "", "", "", "448", ""]
523 448 971
["", "241", "", "", "", "", "", ""]
241 241
["", "590", "", "", "", "", "", "802"]
590 802 1392
["", "", "", "136", "", "550", "", ""]
136 550 686
["", "", "641", "", "", "", "", ""]
641 641
["", "", "567", "", "", "", "", "315"]
567 315 882
["", "397", "", "", "", "887", "", ""]
397 887 1284
["", "483", "", "", "", "", "", ""]
483 483
["", "869", "277", "", "", "", "", ""]
869 277 1146
["", "488", "", "", "", "", "", ""]
488 488
["", "", "800", "", "920", "", "", ""]
800 920 1720
["", "", "354", "", "", "", "", "464"]
354 464 818
["", "652", "", "", "", "", "", ""]
652 652
["", "986", "589", "", "", "", "", ""]
986 589 1575
["", "995", "596", "", "", "", "", ""]
995 596 1591
["", "", "521", "", "66", "", "", ""]
521 66 587
["", "", "", "863", "", "", "", "908"]
863 908 1771
["", "936", "", "", "", "610", "", ""]
936 610 1546
["", "", "", "", "", "", "434", ""]
434 434
["", "", "", "", "", "384", "", ""]
384 384
["", "", "", "533", "", "978", "", ""]
533 978 1511
["", "", "", "", "", "947", "", ""]
947 947
["", "", "571", "20", "", "", "", ""]
571 20 591
["", "", "", "704", "", "", "", ""]
704 704
["", "918", "", "", "", "1", "", ""]
918 1 919
["827", "", "", "", "", "", "101", ""]
827 101 928
["", "", "993", "", "373", "", "", ""]
993 373 1366
["", "", "260", "", "785", "", "", ""]
260 785 1045
["", "", "", "", "941", "", "", ""]
941 941
["", "", "466", "", "", "", "", ""]
466 466
["", "897", "", "", "", "", "", ""]
897 897
["", "", "", "", "", "", "73", ""]
73 73
["122", "", "", "", "", "", "", ""]
122 122
["", "", "938", "", "", "", "", "992"]
938 992 1930
["", "698", "", "", "", "", "", "305"]
698 305 1003
["", "614", "", "", "", "", "", ""]
614 614
["", "", "", "", "", "", "", "681"]
681 681
["", "", "164", "", "", "", "", ""]
164 164
["", "", "", "734", "", "431", "", ""]
734 431 1165
["", "", "104", "", "", "", "", ""]
104 104
["", "", "", "335", "", "", "", ""]
335 335
["", "", "161", "739", "", "", "", ""]
161 739 900
["", "588", "", "", "", "", "", ""]
588 588
["", "", "", "", "920", "", "", ""]
920 920
["", "558", "44", "", "", "", "", ""]
558 44 602
["", "", "542", "", "", "", "818", ""]
542 818 1360
["", "847", "708", "", "", "", "", ""]
847 708 1555
["", "879", "", "", "", "", "", ""]
879 879
["", "51", "715", "", "", "", "", ""]
51 715 766
["", "", "", "", "624", "", "", "997"]
624 997 1621
["", "210", "", "", "", "", "686", ""]
210 686 896
["", "", "238", "", "", "", "", "236"]
238 236 474
["", "", "706", "", "", "", "", ""]
706 706
["", "", "183", "", "723", "", "", ""]
183 723 906
["990", "", "", "", "55", "", "", ""]
990 55 1045
["", "424", "", "", "", "", "", ""]
424 424
["", "", "842", "", "", "", "", ""]
842 842
["", "", "545", "", "", "", "", ""]
545 545
["", "975", "", "", "", "", "", ""]
975 975
["", "", "", "", "", "906", "", ""]
906 906
["", "", "", "", "437", "204", "", ""]
437 204 641
["", "", "990", "", "", "", "", ""]
990 990
["", "", "", "", "51", "", "", "212"]
51 212 263
["", "", "", "", "", "208", "", ""]
208 208
["202", "", "", "", "801", "", "", ""]
202 801 1003
["", "", "", "702", "", "", "", ""]
702 702
["380", "", "", "", "", "", "", ""]
380 380
["", "", "494", "", "", "", "", ""]
494 494
["", "", "976", "", "", "", "", ""]
976 976
["", "", "", "", "", "856", "", ""]
856 856
["", "878", "", "", "", "", "", ""]
878 878
["", "", "", "", "", "", "", "708"]
708 708
["", "", "404", "", "", "", "287", ""]
404 287 691
["553", "", "", "", "", "", "", ""]
553 553
["", "", "707", "", "266", "", "", ""]
707 266 973
["247", "", "", "", "920", "", "", ""]
247 920 1167
["", "", "567", "", "", "", "", ""]
567 567
["", "", "", "144", "", "", "", ""]
144 144
["", "", "", "423", "", "", "", "431"]
423 431 854
["", "731", "", "", "", "", "", ""]
731 731
["", "", "751", "", "", "", "", ""]
751 751
["", "649", "", "", "", "", "", ""]
649 649
["", "", "48", "", "", "", "", ""]
48 48
["", "817", "887", "", "", "", "", ""]
817 887 1704
["", "", "536", "", "", "", "", ""]
536 536
["", "274", "447", "", "", "", "", ""]
274 447 721
["", "", "", "", "", "816", "", ""]
816 816
["", "663", "", "", "", "", "", ""]
663 663
["", "974", "", "", "", "251", "", ""]
974 251 1225
["", "446", "", "", "", "", "", ""]
446 446
["", "", "", "", "", "", "", "306"]
306 306
["", "793", "", "", "", "", "", ""]
793 793
["", "", "", "", "", "", "", "540"]
540 540
["", "860", "586", "", "", "", "", ""]
860 586 1446
["", "", "266", "", "", "", "", ""]
266 266
["", "", "", "", "673", "", "", ""]
673 673
["", "", "885", "", "", "", "", ""]
885 885
["", "", "", "", "", "", "65", ""]
65 65
["", "822", "", "", "", "", "", "157"]
822 157 979
["", "", "529", "", "", "", "", ""]
529 529
["", "", "480", "", "", "", "", ""]
480 480
["", "", "", "", "", "60", "", ""]
60 60
["", "413", "122", "", "", "", "", ""]
413 122 535
["", "313", "", "", "", "", "", "963"]
313 963 1276
["", "840", "", "", "", "824", "", ""]
840 824 1664
["", "950", "172", "", "", "", "", ""]
950 172 1122
["", "373", "", "", "", "", "", ""]
373 373
["", "", "", "", "", "", "182", ""]
182 182
["", "", "739", "", "", "", "", ""]
739 739
["831", "", "", "", "765", "", "", ""]
831 765 1596
["", "633", "119", "", "", "", "", ""]
633 119 752
["", "", "", "", "976", "", "", ""]
976 976
["", "", "", "", "", "867", "", ""]
867 867
["", "", "", "", "", "", "438", ""]
438 438
["", "", "179", "", "", "", "", ""]
179 179
["", "", "", "685", "", "", "", ""]
685 685
["", "", "", "480", "", "", "", ""]
480 480
["", "", "", "747", "", "", "", ""]
747 747
["317", "", "", "", "", "", "674", ""]
317 674 991
["", "", "125", "", "", "", "", ""]
125 125
["", "", "", "", "262", "578", "", ""]
262 578 840
["", "", "", "", "", "", "", "549"]
549 549
["", "", "", "815", "", "", "", ""]
815 815
["74", "", "", "", "", "", "", ""]
74 74
["952", "", "", "", "", "", "374", ""]
952 374 1326
["", "356", "695", "", "", "", "", ""]
356 695 1051
["", "", "126", "273", "", "", "", ""]
126 273 399
["", "561", "", "", "", "", "", "697"]
561 697 1258
["", "", "", "192", "", "806", "", ""]
192 806 998
["", "319", "", "", "", "163", "", ""]
319 163 482
["", "", "", "", "", "637", "", ""]
637 637
["", "", "941", "", "", "", "", ""]
941 941
["", "", "", "", "", "", "", "744"]
744 744
["", "", "", "", "", "", "", "800"]
800 800
["", "652", "", "", "", "", "54", ""]
652 54 706
["", "", "181", "", "", "", "", ""]
181 181
["646", "", "", "", "873", "", "", ""]
646 873 1519
["", "", "310", "", "", "", "", ""]
310 310
["", "792", "", "", "", "", "", ""]
792 792
["", "", "", "770", "", "", "", ""]
770 770
["", "", "", "", "", "", "", "269"]
269 269
["", "", "", "", "884", "", "", ""]
884 884
["421", "", "", "", "", "", "995", ""]
421 995 1416
["", "", "211", "", "", "", "", ""]
211 211
["", "", "", "", "", "", "48", ""]
48 48
["", "", "878", "", "", "", "", ""]
878 878
["", "518", "", "", "", "", "", ""]
518 518
["", "", "247", "771", "", "", "", ""]
247 771 1018
["17", "", "", "", "968", "", "", ""]
17 968 985
["", "", "", "", "", "", "581", ""]
581 581
["", "", "", "", "", "", "843", ""]
843 843
["", "", "559", "", "", "", "", ""]
559 559
["", "", "", "", "904", "", "", "873"]
904 873 1777
["", "", "522", "", "636", "", "", ""]
522 636 1158
["", "630", "", "", "", "", "", ""]
630 630
["", "", "471", "", "", "", "", ""]
471 471
["", "", "125", "", "", "", "138", ""]
125 138 263
["439", "", "", "", "829", "", "", ""]
439 829 1268
["687", "", "", "", "119", "", "", ""]
687 119 806
["", "211", "", "", "", "", "681", ""]
211 681 892
["480", "", "", "", "", "", "321", ""]
480 321 801
["", "130", "", "", "", "", "", "10"]
130 10 140
["", "792", "", "", "", "", "", ""]
792 792
["659", "", "", "", "", "", "826", ""]
659 826 1485
["564", "", "", "", "", "", "", ""]
564 564
["", "291", "", "", "", "", "", ""]
291 291
["", "", "", "616", "", "976", "", ""]
616 976 1592
["", "", "641", "", "", "", "", ""]
641 641
["", "818", "852", "", "", "", "", ""]
818 852 1670
["", "", "330", "858", "", "", "", ""]
330 858 1188
["", "", "158", "", "", "", "", ""]
158 158
["", "", "503", "", "109", "", "", ""]
503 109 612
["", "331", "335", "", "", "", "", ""]
331 335 666
["", "", "", "", "29", "", "", ""]
29 29
["", "546", "", "", "", "", "", ""]
546 546
["", "965", "", "", "", "", "", ""]
965 965
["335", "", "", "", "", "", "", ""]
335 335
["", "217", "", "", "808", "", "", ""]
217 808 1025
["", "802", "421", "", "", "", "", ""]
802 421 1223
["", "", "", "", "212", "395", "", ""]
212 395 607
["423", "", "", "", "", "", "", ""]
423 423
["", "607", "", "", "", "", "", ""]
607 607
["", "", "", "", "630", "", "", ""]
630 630
["", "", "901", "", "", "", "", ""]
901 901
["", "", "", "247", "", "59", "", ""]
247 59 306
["", "", "", "", "618", "", "", ""]
618 618
["", "803", "", "", "", "", "", ""]
803 803
["", "", "289", "", "", "", "", "789"]
289 789 1078
["", "502", "", "", "", "", "", ""]
502 502
["", "923", "762", "", "", "", "", ""]
923 762 1685
["", "", "388", "", "664", "", "", ""]
388 664 1052
["", "", "", "", "", "", "747", ""]
747 747
["", "", "", "", "", "", "", "277"]
277 277
["", "", "", "625", "", "", "", ""]
625 625
["", "", "", "646", "", "738", "", ""]
646 738 1384
["", "99", "406", "", "", "", "", ""]
99 406 505
["", "517", "915", "", "", "", "", ""]
517 915 1432
["", "", "", "", "", "", "222", ""]
222 222
["", "", "61", "", "315", "", "", ""]
61 315 376
["", "", "", "79", "", "", "", ""]
79 79
["", "", "", "189", "", "", "", "979"]
189 979 1168
["505", "", "", "", "", "", "", ""]
505 505
["", "", "223", "", "", "", "", ""]
223 223
["202", "", "", "", "", "", "", "265"]
202 265 467
["", "462", "837", "", "", "", "", ""]
462 837 1299
["", "", "133", "", "", "", "", ""]
133 133
["", "", "", "963", "", "", "", ""]
963 963
["", "", "", "", "", "310", "", ""]
310 310
["", "", "", "", "", "", "970", ""]
970 970
["", "716", "198", "", "", "", "", ""]
716 198 914
["", "741", "", "", "", "", "486", ""]
741 486 1227
["", "362", "256", "", "", "", "", ""]
362 256 618
["", "", "", "117", "", "", "", ""]
117 117
["", "96", "", "", "", "", "", ""]
96 96
["", "256", "", "", "", "", "733", ""]
256 733 989
["", "", "", "942", "", "", "", ""]
942 942
["", "983", "", "", "", "", "", ""]
983 983
["", "", "525", "725", "", "", "", ""]
525 725 1250
["418", "", "", "", "930", "", "", ""]
418 930 1348
["", "", "", "", "189", "", "", ""]
189 189
["", "", "", "", "", "731", "", ""]
731 731
["", "267", "547", "", "", "", "", ""]
267 547 814
["", "", "", "", "873", "", "", ""]
873 873
["447", "", "", "", "", "", "59", ""]
447 59 506
["", "", "447", "", "", "", "", ""]
447 447
["", "219", "737", "", "", "", "", ""]
219 737 956
["", "439", "375", "", "", "", "", ""]
439 375 814
["", "", "", "187", "", "", "", "195"]
187 195 382
["", "", "707", "495", "", "", "", ""]
707 495 1202
["", "", "", "", "", "", "", "119"]
119 119
["", "327", "147", "", "", "", "", ""]
327 147 474
["", "300", "22", "", "", "", "", ""]
300 22 322
["", "", "", "", "702", "", "", ""]
702 702
["", "840", "", "", "", "", "", ""]
840 840
["", "40", "485", "", "", "", "", ""]
40 485 525
["907", "", "", "", "", "", "", ""]
907 907
["", "", "", "6", "", "", "", ""]
6 6
["", "17", "787", "", "", "", "", ""]
17 787 804
["", "", "470", "", "", "", "", ""]
470 470
["", "", "", "9", "", "", "", "403"]
9 403 412
["", "594", "816", "", "", "", "", ""]
594 816 1410
["", "81", "811", "", "", "", "", ""]
81 811 892
["", "", "104", "", "", "", "", ""]
104 104
["", "446", "", "", "", "", "528", ""]
446 528 974
["", "", "154", "", "", "", "", ""]
154 154
["", "", "", "", "569", "", "", ""]
569 569
["", "935", "", "", "868", "", "", ""]
935 868 1803
["", "", "998", "", "", "", "", "606"]
998 606 1604
["", "", "216", "209", "", "", "", ""]
216 209 425
["10", "", "", "", "", "", "", ""]
10 10
["", "", "6", "", "", "", "", ""]
6 6
["", "923", "53", "", "", "", "", ""]
923 53 976
["", "", "", "907", "", "", "", "751"]
907 751 1658
["", "346", "", "", "", "", "", ""]
346 346
["", "", "", "361", "", "", "", "727"]
361 727 1088
["", "", "383", "", "", "", "", ""]
383 383
["", "", "818", "", "", "", "368", ""]
818 368 1186
["", "237", "", "", "", "", "", ""]
237 237
["", "", "", "", "600", "708", "", ""]
600 708 1308
["850", "", "", "", "", "", "", ""]
850 850
["", "", "289", "869", "", "", "", ""]
289 869 1158
["", "98", "431", "", "", "", "", ""]
98 431 529
["705", "", "", "", "550", "", "", ""]
705 550 1255
["", "", "", "", "", "", "688", ""]
688 688
["", "913", "", "", "", "", "", "458"]
913 458 1371
["", "420", "", "", "", "", "", ""]
420 420
["", "", "", "", "", "", "", "883"]
883 883
["", "150", "", "", "", "", "50", ""]
150 50 200
["668", "", "", "", "", "", "144", ""]
668 144 812
["", "", "", "", "", "", "32", ""]
32 32
["279", "", "", "", "", "", "", ""]
279 279
["", "", "", "", "", "274", "", ""]
274 274
["", "698", "", "", "", "", "", "589"]
698 589 1287
["107", "", "", "", "", "", "", ""]
107 107
["", "501", "", "", "", "342", "", ""]
501 342 843
["586", "", "", "", "562", "", "", ""]
586 562 1148
["", "", "", "", "170", "", "", "302"]
170 302 472
["", "", "", "504", "", "", "", "931"]
504 931 1435
["", "", "", "", "", "", "26", ""]
26 26
["", "", "185", "", "", "", "", ""]
185 185
["", "", "470", "", "", "", "", ""]
470 470
["551", "", "", "", "", "", "", ""]
551 551
["", "510", "", "", "", "", "", ""]
510 510
["", "", "", "", "", "", "649", ""]
649 649
["", "", "", "", "788", "", "", ""]
788 788
["243", "", "", "", "", "", "", "137"]
243 137 380
["", "", "72", "", "", "", "", ""]
72 72
["690", "", "", "", "286", "", "", ""]
690 286 976
["", "", "320", "", "575", "", "", ""]
320 575 895
["793", "", "", "", "", "", "", "553"]
793 553 1346
["", "602", "451", "", "", "", "", ""]
602 451 1053
["377", "", "", "", "818", "", "", ""]
377 818 1195
["443", "", "", "", "", "", "372", ""]
443 372 815
["", "", "611", "", "", "", "", ""]
611 611
["", "934", "", "", "", "", "", ""]
934 934
["", "", "", "", "", "", "952", ""]
952 952
["", "200", "", "", "", "393", "", ""]
200 393 593
["", "936", "", "", "", "", "", ""]
936 936
["", "", "", "", "", "", "", "708"]
708 708
["", "498", "", "", "", "", "", ""]
498 498
["", "", "7", "", "", "", "697", ""]
7 697 704
["138", "", "", "", "305", "", "", ""]
138 305 443
["", "", "", "700", "", "", "", ""]
700 700
["", "", "6", "", "675", "", "", ""]
6 675 681
["", "", "391", "", "", "", "", ""]
391 391
["162", "", "", "", "", "", "", "562"]
162 562 724
["", "", "", "", "", "120", "", ""]
120 120
["220", "", "", "", "", "", "", "608"]
220 608 828
["", "", "74", "", "", "", "", "568"]
74 568 642
["", "", "", "957", "", "193", "", ""]
957 193 1150
["", "186", "", "", "", "", "", ""]
186 186
["", "624", "984", "", "", "", "", ""]
624 984 1608
["", "", "", "", "244", "", "", ""]
244 244
["", "", "", "", "", "", "", "553"]
553 553
["", "872", "739", "", "", "", "", ""]
872 739 1611
["", "", "", "", "", "", "682", ""]
682 682
["927", "", "", "", "", "", "", ""]
927 927
["", "", "69", "", "", "", "", ""]
69 69
["", "880", "", "", "", "", "", ""]
880 880
["", "", "", "", "", "", "768", ""]
768 768
["", "379", "", "", "", "910", "", ""]
379 910 1289
["", "933", "", "", "", "", "", ""]
933 933
["40", "", "", "", "880", "", "", ""]
40 880 920
["", "", "", "", "", "", "465", ""]
465 465
["141", "", "", "", "", "", "", ""]
141 141
["", "", "", "334", "", "", "", ""]
334 334
["785", "", "", "", "", "", "", ""]
785 785
["", "", "", "682", "", "", "", ""]
682 682
["940", "", "", "", "", "", "734", ""]
940 734 1674
["", "", "", "", "", "", "573", ""]
573 573
["", "248", "499", "", "", "", "", ""]
248 499 747
["", "80", "523", "", "", "", "", ""]
80 523 603
["163", "", "", "", "", "", "", ""]
163 163
["", "", "", "", "", "", "17", ""]
17 17
["108", "", "", "", "323", "", "", ""]
108 323 431
["", "172", "305", "", "", "", "", ""]
172 305 477
["", "", "706", "", "", "", "", ""]
706 706
["", "506", "942", "", "", "", "", ""]
506 942 1448
["", "", "843", "", "", "", "", ""]
843 843
["", "", "", "", "568", "", "", ""]
568 568
["", "", "", "", "", "", "", "378"]
378 378
["", "", "", "", "", "", "285", ""]
285 285
["", "", "544", "130", "", "", "", ""]
544 130 674
["", "", "974", "", "", "", "", ""]
974 974
["", "42", "517", "", "", "", "", ""]
42 517 559
["", "", "", "", "700", "480", "", ""]
700 480 1180
["", "", "", "", "", "289", "", ""]
289 289
["", "861", "", "", "", "", "", "391"]
861 391 1252
["", "573", "", "", "859", "", "", ""]
573 859 1432
["", "173", "214", "", "", "", "", ""]
173 214 387
["228", "", "", "", "", "", "", ""]
228 228
["", "522", "270", "", "", "", "", ""]
522 270 792
["", "", "", "", "", "", "274", ""]
274 274
["", "756", "", "", "", "", "", ""]
756 756
["", "762", "", "", "", "", "", ""]
762 762
["", "628", "", "", "", "", "", ""]
628 628
["", "", "332", "", "", "", "", ""]
332 332
["", "", "318", "", "", "", "", ""]
318 318
["155", "", "", "", "", "", "150", ""]
155 150 305
["180", "", "", "", "", "", "", ""]
180 180
["", "", "", "", "", "", "", "123"]
123 123
["", "", "", "926", "", "", "", ""]
926 926
["", "", "", "", "", "", "125", ""]
125 125
["", "230", "", "", "", "", "", ""]
230 230
["", "482", "", "", "", "", "", ""]
482 482
["", "884", "", "", "", "", "", "387"]
884 387 1271
["", "", "", "", "", "", "", "384"]
384 384
["", "", "", "", "", "", "", "12"]
12 12
["", "", "885", "", "", "", "", ""]
885 885
["", "", "", "", "", "", "827", ""]
827 827
["", "310", "449", "", "", "", "", ""]
310 449 759
["", "", "", "", "", "", "400", ""]
400 400
["", "856", "", "", "154", "", "", ""]
856 154 1010
["", "", "98", "", "", "", "", ""]
98 98
["", "161", "560", "", "", "", "", ""]
161 560 721
["", "", "", "", "", "", "", "884"]
884 884
["", "", "279", "283", "", "", "", ""]
279 283 562
["", "", "", "", "", "", "", "17"]
17 17
["", "", "", "", "309", "880", "", ""]
309 880 1189
["", "", "", "", "643", "", "", ""]
643 643
["866", "", "", "", "", "", "", ""]
866 866
["", "862", "", "", "", "", "", ""]
862 862
["", "210", "349", "", "", "", "", ""]
210 349 559
["", "", "", "", "", "226", "", ""]
226 226
["", "", "312", "", "622", "", "", ""]
312 622 934
["", "901", "", "", "", "", "", "266"]
901 266 1167
["", "", "574", "", "", "", "", ""]
574 574
["", "462", "", "", "", "", "", ""]
462 462
["", "273", "", "", "", "770", "", ""]
273 770 1043
["", "", "451", "", "", "", "", ""]
451 451
["", "896", "", "", "", "122", "", ""]
896 122 1018
["", "661", "", "", "", "", "", ""]
661 661
["", "632", "811", "", "", "", "", ""]
632 811 1443
["621", "", "", "", "93", "", "", ""]
621 93 714
["", "", "249", "", "", "", "", ""]
249 249
["", "430", "", "", "", "", "", ""]
430 430
["", "", "766", "", "", "", "448", ""]
766 448 1214
["", "111", "", "", "", "", "", ""]
111 111
["", "", "", "", "", "252", "", ""]
252 252
["", "", "267", "", "", "", "", ""]
267 267
["", "990", "", "", "", "", "", ""]
990 990
["", "780", "", "", "", "", "", ""]
780 780
["", "", "", "", "", "", "", "713"]
713 713
["", "", "", "441", "", "592", "", ""]
441 592 1033
["", "", "", "", "", "", "", "672"]
672 672
["256", "", "", "", "", "", "", ""]
256 256
["524", "", "", "", "", "", "417", ""]
524 417 941
["930", "", "", "", "", "", "", ""]
930 930
["", "556", "780", "", "", "", "", ""]
556 780 1336
["", "336", "", "", "", "", "", ""]
336 336
["", "897", "", "", "", "", "", ""]
897 897
["", "950", "", "", "", "", "", "645"]
950 645 1595
["", "", "652", "", "", "", "", ""]
652 652
["", "759", "", "", "", "", "", ""]
759 759
["", "868", "77", "", "", "", "", ""]
868 77 945
["", "", "", "", "", "97", "", ""]
97 97
["", "", "988", "", "", "", "", ""]
988 988
["", "613", "821", "", "", "", "", ""]
613 821 1434
["", "", "882", "", "", "", "", ""]
882 882
["", "", "977", "", "", "", "", ""]
977 977
["", "401", "609", "", "", "", "", ""]
401 609 1010
["", "742", "", "", "", "", "", ""]
742 742
["", "939", "", "", "", "", "", ""]
939 939
["", "195", "", "", "", "", "", "930"]
195 930 1125
["", "636", "", "", "797", "", "", ""]
636 797 1433
["", "", "", "", "", "473", "", ""]
473 473
["195", "", "", "", "", "", "", ""]
195 195
["", "914", "", "", "", "", "", ""]
914 914
["", "", "", "", "", "640", "", ""]
640 640
["9", "", "", "", "872", "", "", ""]
9 872 881
["951", "", "", "", "", "", "", ""]
951 951
["", "", "310", "", "", "", "", ""]
310 310
["827", "", "", "", "79", "", "", ""]
827 79 906
["", "", "", "", "14", "", "", ""]
14 14
["", "150", "840", "", "", "", "", ""]
150 840 990
["", "274", "", "", "", "", "504", ""]
274 504 778
["", "", "128", "", "", "", "", ""]
128 128
["56", "", "", "", "", "", "", "549"]
56 549 605
["", "", "", "", "13", "", "", ""]
13 13
["", "751", "123", "", "", "", "", ""]
751 123 874
["", "", "", "", "", "", "", "164"]
164 164
["", "", "", "", "", "", "321", ""]
321 321
["", "378", "", "", "", "", "", ""]
378 378
["478", "", "", "", "291", "", "", ""]
478 291 769
["", "", "204", "", "", "", "", ""]
204 204
["", "", "", "", "714", "", "", "148"]
714 148 862
["989", "", "", "", "", "", "", ""]
989 989
["", "", "", "157", "", "", "", "233"]
157 233 390
["", "", "", "", "", "", "670", ""]
670 670
["", "", "", "", "", "", "817", ""]
817 817
["", "", "", "", "", "", "514", ""]
514 514
["", "", "", "631", "", "", "", "671"]
631 671 1302
["", "516", "", "", "", "", "", "205"]
516 205 721
["", "", "823", "", "", "", "838", ""]
823 838 1661
["", "", "343", "", "", "", "951", ""]
343 951 1294
["", "", "", "", "", "", "954", ""]
954 954
["", "", "", "577", "", "", "", ""]
577 577
["", "", "", "", "", "377", "", ""]
377 377
["", "816", "779", "", "", "", "", ""]
816 779 1595
["", "", "", "", "", "", "187", ""]
187 187
["490", "", "", "", "", "", "", ""]
490 490
["", "110", "148", "", "", "", "", ""]
110 148 258
["", "", "", "", "99", "", "", ""]
99 99
["", "", "", "", "552", "", "", ""]
552 552
["", "", "", "", "", "768", "", ""]
768 768
["166", "", "", "", "", "", "", "214"]
166 214 380
["", "", "867", "", "", "", "", ""]
867 867
["", "", "", "", "408", "", "", "829"]
408 829 1237
["", "", "1", "", "", "", "", ""]
1 1
["806", "", "", "", "", "", "", "251"]
806 251 1057
["", "120", "211", "", "", "", "", ""]
120 211 331
["", "", "893", "", "", "", "", "403"]
893 403 1296
["", "", "", "452", "", "", "", "702"]
452 702 1154
["", "", "", "", "", "", "870", ""]
870 870
["", "", "", "", "", "", "", "75"]
75 75
["", "", "977", "", "", "", "", ""]
977 977
["", "562", "368", "", "", "", "", ""]
562 368 930
["826", "", "", "", "", "", "", ""]
826 826
["", "267", "", "", "29", "", "", ""]
267 29 296
["", "476", "", "", "", "", "", ""]
476 476
["", "", "834", "", "", "", "", ""]
834 834
["", "", "", "211", "", "", "", "507"]
211 507 718
["", "248", "", "", "", "", "", ""]
248 248
["861", "", "", "", "", "", "", ""]
861 861
["", "", "", "", "", "912", "", ""]
912 912
["", "", "", "44", "", "", "", ""]
44 44
["721", "", "", "", "", "", "", "690"]
721 690 1411
["", "", "432", "", "867", "", "", ""]
432 867 1299
["", "", "", "", "", "", "497", ""]
497 497
["87", "", "", "", "", "", "", ""]
87 87
["659", "", "", "", "", "", "", ""]
659 659
["", "", "855", "", "", "", "", ""]
855 855
["", "", "943", "", "", "", "", ""]
943 943
["", "", "639", "", "231", "", "", ""]
639 231 870
["", "894", "", "", "", "", "756", ""]
894 756 1650
["", "", "", "", "968", "", "", ""]
968 968
["214", "", "", "", "", "", "", "428"]
214 428 642
["", "", "", "332", "", "260", "", ""]
332 260 592
["", "", "", "803", "", "", "", ""]
803 803
["", "", "161", "26", "", "", "", ""]
161 26 187
["", "299", "", "", "", "", "", ""]
299 299
["", "", "639", "", "", "", "", ""]
639 639
["", "", "", "", "440", "", "", "802"]
440 802 1242
["", "", "", "538", "", "", "", ""]
538 538
["", "647", "", "", "", "", "", ""]
647 647
["", "", "953", "", "", "", "", ""]
953 953
["", "", "224", "", "", "", "", ""]
224 224
["", "", "58", "", "", "", "", ""]
58 58
["", "", "944", "261", "", "", "", ""]
944 261 1205
["", "", "", "", "", "", "", "245"]
245 245
["", "644", "", "", "", "", "", ""]
644 644
["", "303", "", "", "", "", "", ""]
303 303
["", "", "908", "305", "", "", "", ""]
908 305 1213
["", "", "480", "345", "", "", "", ""]
480 345 825
["", "612", "58", "", "", "", "", ""]
612 58 670
["", "", "", "185", "", "", "", ""]
185 185
["", "", "373", "", "", "", "", ""]
373 373
["93", "", "", "", "683", "", "", ""]
93 683 776
["", "", "201", "", "", "", "", ""]
201 201
["", "", "", "", "", "", "249", ""]
249 249
["", "799", "", "", "", "", "", "548"]
799 548 1347
["", "", "", "", "", "", "209", ""]
209 209
["802", "", "", "", "28", "", "", ""]
802 28 830
["", "242", "", "", "97", "", "", ""]
242 97 339
["", "", "", "", "", "169", "", ""]
169 169
["", "", "", "", "", "", "904", ""]
904 904
["3", "", "", "", "", "", "", ""]
3 3
["", "", "", "", "", "", "", "789"]
789 789
["", "", "", "", "932", "", "", ""]
932 932
["", "", "", "", "997", "805", "", ""]
997 805 1802
["748", "", "", "", "", "", "965", ""]
748 965 1713
["", "796", "", "", "", "", "", ""]
796 796
["372", "", "", "", "", "", "", ""]
372 372
["", "", "61", "", "", "", "", ""]
61 61
["", "", "", "", "915", "73", "", ""]
915 73 988
["", "", "280", "", "", "", "", ""]
280 280
["880", "", "", "", "", "", "", ""]
880 880
["222", "", "", "", "", "", "", ""]
222 222
["", "922", "144", "", "", "", "", ""]
922 144 1066
["", "451", "", "", "", "", "", "950"]
451 950 1401
["", "", "", "", "", "", "958", ""]
958 958
["", "945", "", "", "", "", "", ""]
945 945
["", "", "", "979", "", "", "", ""]
979 979
["", "", "910", "", "", "", "", ""]
910 910
["", "436", "396", "", "", "", "", ""]
436 396 832
["", "", "298", "", "", "", "", ""]
298 298
["", "571", "", "", "", "", "", ""]
571 571
["", "", "679", "", "", "", "", ""]
679 679
["", "", "901", "", "", "", "", ""]
901 901
["592", "", "", "", "", "", "149", ""]
592 149 741
["820", "", "", "", "", "", "511", ""]
820 511 1331
["", "861", "", "", "", "", "", ""]
861 861
["", "", "936", "", "", "", "264", ""]
936 264 1200
["", "", "619", "", "", "", "", ""]
619 619
["", "", "748", "", "", "", "", ""]
748 748
["", "907", "785", "", "", "", "", ""]
907 785 1692
["", "", "26", "", "", "", "", ""]
26 26
["50", "", "", "", "", "", "270", ""]
50 270 320
["", "", "", "", "", "", "", "640"]
640 640
["", "", "", "", "", "", "483", ""]
483 483
["", "", "216", "", "", "", "", ""]
216 216
["625", "", "", "", "", "", "", ""]
625 625
["", "527", "", "", "", "", "", ""]
527 527
["", "", "", "", "", "744", "", ""]
744 744
["", "", "933", "", "", "", "", ""]
933 933
["", "", "", "", "", "", "", "766"]
766 766
["268", "", "", "", "", "", "", "909"]
268 909 1177
["", "860", "", "", "", "", "", ""]
860 860
["", "", "", "181", "", "", "", ""]
181 181
["", "", "", "747", "", "311", "", ""]
747 311 1058
["", "85", "", "", "", "", "", ""]
85 85
["", "", "947", "49", "", "", "", ""]
947 49 996
["", "", "", "", "", "352", "", ""]
352 352
["", "", "", "", "", "", "714", ""]
714 714
["", "53", "236", "", "", "", "", ""]
53 236 289
["", "", "", "", "", "", "430", ""]
430 430
["", "", "", "", "999", "", "", ""]
999 999
["", "", "134", "", "", "", "", "713"]
134 713 847
["", "783", "871", "", "", "", "", ""]
783 871 1654
["", "765", "", "", "", "", "", ""]
765 765
["", "897", "377", "", "", "", "", ""]
897 377 1274
["", "", "678", "", "869", "", "", ""]
678 869 1547
["", "", "544", "", "", "", "", ""]
544 544
["", "", "", "", "121", "", "", ""]
121 121
["", "45", "", "", "", "", "", ""]
45 45
["", "", "259", "752", "", "", "", ""]
259 752 1011
["", "", "959", "", "", "", "", "225"]
959 225 1184
["", "", "177", "", "", "", "", ""]
177 177
["", "332", "", "", "", "", "", ""]
332 332
["", "", "", "236", "", "", "", ""]
236 236
["", "", "", "528", "", "306", "", ""]
528 306 834
["", "530", "", "", "", "", "", ""]
530 530
["629", "", "", "", "", "", "786", ""]
629 786 1415
["", "", "598", "", "", "", "", ""]
598 598
["", "", "850", "930", "", "", "", ""]
850 930 1780
["912", "", "", "", "", "", "", "598"]
912 598 1510
["", "323", "", "", "", "", "", ""]
323 323
["", "", "", "542", "", "372", "", ""]
542 372 914
["", "", "", "", "", "", "", "197"]
197 197
["", "", "410", "", "", "", "681", ""]
410 681 1091
["", "470", "152", "", "", "", "", ""]
470 152 622
["250", "", "", "", "", "", "768", ""]
250 768 1018
["3", "", "", "", "", "", "", "131"]
3 131 134
["904", "", "", "", "", "", "648", ""]
904 648 1552
["", "996", "", "", "", "", "", ""]
996 996
["", "", "", "", "", "", "", "115"]
115 115
["507", "", "", "", "", "", "", ""]
507 507
["678", "", "", "", "", "", "", ""]
678 678
["303", "", "", "", "", "", "", "337"]
303 337 640
["", "", "258", "", "", "", "", ""]
258 258
["", "362", "", "", "", "", "", ""]
362 362
["", "", "772", "164", "", "", "", ""]
772 164 936
["", "", "", "", "", "", "636", ""]
636 636
["", "", "", "", "", "573", "", ""]
573 573
["", "", "", "", "", "", "", "518"]
518 518
["", "746", "144", "", "", "", "", ""]
746 144 890
["", "", "", "117", "", "", "", ""]
117 117
["", "952", "240", "", "", "", "", ""]
952 240 1192
["", "", "", "", "", "", "922", ""]
922 922
["", "", "", "", "", "45", "", ""]
45 45
["", "597", "479", "", "", "", "", ""]
597 479 1076
["", "37", "", "", "", "126", "", ""]
37 126 163
["", "", "", "", "351", "783", "", ""]
351 783 1134
["", "281", "843", "", "", "", "", ""]
281 843 1124
["", "814", "", "", "", "", "", ""]
814 814
["", "687", "986", "", "", "", "", ""]
687 986 1673
["", "", "", "", "611", "", "", ""]
611 611
["", "153", "", "", "", "", "", "117"]
153 117 270
["", "", "", "", "", "", "293", ""]
293 293
["784", "", "", "", "", "", "", ""]
784 784
["", "", "", "", "", "", "", "251"]
251 251
["", "396", "", "", "", "", "", ""]
396 396
["918", "", "", "", "", "", "", "258"]
918 258 1176
["597", "", "", "", "", "", "", ""]
597 597
["", "542", "", "", "", "", "", ""]
542 542
["", "", "", "578", "", "", "", "259"]
578 259 837
["", "707", "", "", "", "", "", ""]
707 707
["", "984", "", "", "", "", "", ""]
984 984
["", "650", "", "", "", "", "", ""]
650 650
["", "409", "", "", "684", "", "", ""]
409 684 1093
["", "", "", "", "", "421", "", ""]
421 421
["", "", "", "", "", "", "996", ""]
996 996
["", "", "", "489", "", "", "", ""]
489 489
["", "931", "188", "", "", "", "", ""]
931 188 1119
["", "356", "", "", "", "", "", "909"]
356 909 1265
["63", "", "", "", "", "", "911", ""]
63 911 974
["", "489", "", "", "", "", "", "535"]
489 535 1024
["", "", "798", "", "", "", "", ""]
798 798
["", "302", "", "", "", "", "578", ""]
302 578 880
["", "", "", "", "", "", "804", ""]
804 804
["", "", "", "", "", "531", "", ""]
531 531
["", "385", "426", "", "", "", "", ""]
385 426 811
["", "633", "", "", "", "", "", ""]
633 633
["", "175", "439", "", "", "", "", ""]
175 439 614
["", "98", "364", "", "", "", "", ""]
98 364 462
["", "", "149", "", "", "", "", ""]
149 149
["", "226", "", "", "", "", "", ""]
226 226
["617", "", "", "", "", "", "202", ""]
617 202 819
["929", "", "", "", "", "", "", ""]
929 929
["", "796", "", "", "", "", "", ""]
796 796
["", "", "693", "", "", "", "", ""]
693 693
["23", "", "", "", "", "", "", ""]
23 23
["", "", "772", "", "563", "", "", ""]
772 563 1335
["", "", "", "", "", "", "844", ""]
844 844
["", "", "", "", "332", "", "", ""]
332 332
["", "", "", "347", "", "", "", ""]
347 347
["", "425", "", "", "", "425", "", ""]
425 425 850
["", "", "14", "", "", "", "", ""]
14 14
["", "481", "", "", "", "", "", ""]
481 481
["232", "", "", "", "", "", "", "667"]
232 667 899
["", "", "7", "", "", "", "", "236"]
7 236 243
["", "788", "", "", "", "", "", "195"]
788 195 983
["", "", "222", "", "", "", "", ""]
222 222
["", "", "", "", "", "", "294", ""]
294 294
["", "", "757", "", "506", "", "", ""]
757 506 1263
["566", "", "", "", "", "", "972", ""]
566 972 1538
["631", "", "", "", "", "", "", ""]
631 631
["", "", "", "", "408", "710", "", ""]
408 710 1118
["", "706", "", "", "", "", "", ""]
706 706
["604", "", "", "", "", "", "", ""]
604 604
["", "", "", "", "435", "435", "", ""]
435 435 870
["", "", "", "", "", "204", "", ""]
204 204
["477", "", "", "", "", "", "714", ""]
477 714 1191
["", "9", "", "", "", "", "544", ""]
9 544 553
["395", "", "", "", "865", "", "", ""]
395 865 1260
["", "344", "119", "", "", "", "", ""]
344 119 463
["", "439", "", "", "", "", "", ""]
439 439
["", "", "626", "", "", "", "", ""]
626 626
["542", "", "", "", "", "", "47", ""]
542 47 589
["", "", "816", "368", "", "", "", ""]
816 368 1184
["", "229", "", "", "", "", "", ""]
229 229
["", "596", "", "", "", "", "", ""]
596 596
["", "", "", "", "", "202", "", ""]
202 202
["", "", "", "", "165", "967", "", ""]
165 967 1132
["", "", "", "", "147", "", "", ""]
147 147
["", "", "", "", "", "", "42", ""]
42 42
["", "653", "", "", "", "", "", ""]
653 653
["262", "", "", "", "", "", "", "147"]
262 147 409
["", "", "", "", "466", "", "", ""]
466 466
["", "690", "444", "", "", "", "", ""]
690 444 1134
["", "467", "", "", "", "", "", "527"]
467 527 994
["", "724", "", "", "", "", "", "888"]
724 888 1612
["", "", "", "", "", "", "", "806"]
806 806
["", "", "", "", "237", "", "", ""]
237 237
["", "383", "", "", "", "", "", "518"]
383 518 901
["", "750", "", "", "", "", "", ""]
750 750
["", "", "628", "", "", "", "", ""]
628 628
["", "", "749", "", "", "", "351", ""]
749 351 1100
["", "914", "", "", "", "", "", "852"]
914 852 1766
["", "", "354", "279", "", "", "", ""]
354 279 633
["", "", "138", "", "", "", "", ""]
138 138
["", "", "", "480", "", "833", "", ""]
480 833 1313
["", "", "964", "84", "", "", "", ""]
964 84 1048
["", "", "211", "", "", "", "976", ""]
211 976 1187
["", "", "", "", "", "", "", "578"]
578 578
["", "225", "", "", "", "986", "", ""]
225 986 1211
this is the total sum of the numbers: 556057
